# JRE version: Java(TM) SE Runtime Environment (8.0_112-b16) (build 1.8.0_112-b16)
# Java VM: Java HotSpot(TM) 64-Bit Server VM (25.112-b16 mixed mode bsd-amd64 compressed oops)
Heap:
 PSYoungGen      total 368128K, used 48217K [0x000000076ab00000, 0x0000000785d00000, 0x00000007c0000000)
  eden space 328704K, 2% used [0x000000076ab00000,0x000000076b3caf88,0x000000077ec00000)
  from space 39424K, 99% used [0x0000000780c80000,0x00000007832cb5a0,0x0000000783300000)
  to   space 43008K, 0% used [0x0000000783300000,0x0000000783300000,0x0000000785d00000)
 ParOldGen       total 121344K, used 46487K [0x00000006c0000000, 0x00000006c7680000, 0x000000076ab00000)
  object space 121344K, 38% used [0x00000006c0000000,0x00000006c2d65c88,0x00000006c7680000)
 Metaspace       used 57990K, capacity 59310K, committed 59648K, reserved 1099776K
  class space    used 7947K, capacity 8321K, committed 8448K, reserved 1048576K
GC Heap History (10 events):
Event: 1614.437 GC heap before
{Heap before GC invocations=27 (full 8):
 PSYoungGen      total 384512K, used 30339K [0x000000076ab00000, 0x0000000787680000, 0x00000007c0000000)
  eden space 353792K, 0% used [0x000000076ab00000,0x000000076ab00000,0x0000000780480000)
  from space 30720K, 98% used [0x0000000780480000,0x0000000782220c78,0x0000000782280000)
  to   space 58368K, 0% used [0x0000000783d80000,0x0000000783d80000,0x0000000787680000)
 ParOldGen       total 121344K, used 44732K [0x00000006c0000000, 0x00000006c7680000, 0x000000076ab00000)
  object space 121344K, 36% used [0x00000006c0000000,0x00000006c2baf350,0x00000006c7680000)
 Metaspace       used 57094K, capacity 58372K, committed 58496K, reserved 1099776K
  class space    used 7907K, capacity 8278K, committed 8320K, reserved 1048576K
Event: 1614.559 GC heap after
Heap after GC invocations=27 (full 8):
 PSYoungGen      total 384512K, used 0K [0x000000076ab00000, 0x0000000787680000, 0x00000007c0000000)
  eden space 353792K, 0% used [0x000000076ab00000,0x000000076ab00000,0x0000000780480000)
  from space 30720K, 0% used [0x0000000780480000,0x0000000780480000,0x0000000782280000)
  to   space 58368K, 0% used [0x0000000783d80000,0x0000000783d80000,0x0000000787680000)
 ParOldGen       total 121344K, used 46463K [0x00000006c0000000, 0x00000006c7680000, 0x000000076ab00000)
  object space 121344K, 38% used [0x00000006c0000000,0x00000006c2d5fc88,0x00000006c7680000)
 Metaspace       used 57094K, capacity 58372K, committed 58496K, reserved 1099776K
  class space    used 7907K, capacity 8278K, committed 8320K, reserved 1048576K
}
Event: 1634.099 GC heap before
{Heap before GC invocations=28 (full 8):
 PSYoungGen      total 384512K, used 353430K [0x000000076ab00000, 0x0000000787680000, 0x00000007c0000000)
  eden space 353792K, 99% used [0x000000076ab00000,0x0000000780425930,0x0000000780480000)
  from space 30720K, 0% used [0x0000000780480000,0x0000000780480000,0x0000000782280000)
  to   space 58368K, 0% used [0x0000000783d80000,0x0000000783d80000,0x0000000787680000)
 ParOldGen       total 121344K, used 46463K [0x00000006c0000000, 0x00000006c7680000, 0x000000076ab00000)
  object space 121344K, 38% used [0x00000006c0000000,0x00000006c2d5fc88,0x00000006c7680000)
 Metaspace       used 57125K, capacity 58436K, committed 58496K, reserved 1099776K
  class space    used 7908K, capacity 8278K, committed 8320K, reserved 1048576K
Event: 1634.114 GC heap after
Heap after GC invocations=28 (full 8):
 PSYoungGen      total 414208K, used 22088K [0x000000076ab00000, 0x0000000789000000, 0x00000007c0000000)
  eden space 355840K, 0% used [0x000000076ab00000,0x000000076ab00000,0x0000000780680000)
  from space 58368K, 37% used [0x0000000783d80000,0x0000000785312368,0x0000000787680000)
  to   space 56320K, 0% used [0x0000000780680000,0x0000000780680000,0x0000000783d80000)
 ParOldGen       total 121344K, used 46471K [0x00000006c0000000, 0x00000006c7680000, 0x000000076ab00000)
  object space 121344K, 38% used [0x00000006c0000000,0x00000006c2d61c88,0x00000006c7680000)
 Metaspace       used 57125K, capacity 58436K, committed 58496K, reserved 1099776K
  class space    used 7908K, capacity 8278K, committed 8320K, reserved 1048576K
}
Event: 1653.829 GC heap before
{Heap before GC invocations=29 (full 8):
 PSYoungGen      total 414208K, used 375349K [0x000000076ab00000, 0x0000000789000000, 0x00000007c0000000)
  eden space 355840K, 99% used [0x000000076ab00000,0x00000007803fb490,0x0000000780680000)
  from space 58368K, 37% used [0x0000000783d80000,0x0000000785312368,0x0000000787680000)
  to   space 56320K, 0% used [0x0000000780680000,0x0000000780680000,0x0000000783d80000)
 ParOldGen       total 121344K, used 46471K [0x00000006c0000000, 0x00000006c7680000, 0x000000076ab00000)
  object space 121344K, 38% used [0x00000006c0000000,0x00000006c2d61c88,0x00000006c7680000)
 Metaspace       used 57144K, capacity 58500K, committed 58752K, reserved 1099776K
  class space    used 7908K, capacity 8278K, committed 8320K, reserved 1048576K
Event: 1653.834 GC heap after
Heap after GC invocations=29 (full 8):
 PSYoungGen      total 412160K, used 23122K [0x000000076ab00000, 0x0000000788800000, 0x00000007c0000000)
  eden space 355840K, 0% used [0x000000076ab00000,0x000000076ab00000,0x0000000780680000)
  from space 56320K, 41% used [0x0000000780680000,0x0000000781d14950,0x0000000783d80000)
  to   space 54272K, 0% used [0x0000000785300000,0x0000000785300000,0x0000000788800000)
 ParOldGen       total 121344K, used 46471K [0x00000006c0000000, 0x00000006c7680000, 0x000000076ab00000)
  object space 121344K, 38% used [0x00000006c0000000,0x00000006c2d61c88,0x00000006c7680000)
 Metaspace       used 57144K, capacity 58500K, committed 58752K, reserved 1099776K
  class space    used 7908K, capacity 8278K, committed 8320K, reserved 1048576K
}
Event: 3248.990 GC heap before
{Heap before GC invocations=30 (full 8):
 PSYoungGen      total 412160K, used 378104K [0x000000076ab00000, 0x0000000788800000, 0x00000007c0000000)
  eden space 355840K, 99% used [0x000000076ab00000,0x00000007805a97d0,0x0000000780680000)
  from space 56320K, 41% used [0x0000000780680000,0x0000000781d14950,0x0000000783d80000)
  to   space 54272K, 0% used [0x0000000785300000,0x0000000785300000,0x0000000788800000)
 ParOldGen       total 121344K, used 46471K [0x00000006c0000000, 0x00000006c7680000, 0x000000076ab00000)
  object space 121344K, 38% used [0x00000006c0000000,0x00000006c2d61c88,0x00000006c7680000)
 Metaspace       used 57773K, capacity 59098K, committed 59264K, reserved 1099776K
  class space    used 7946K, capacity 8319K, committed 8320K, reserved 1048576K
Event: 3249.049 GC heap after
Heap after GC invocations=30 (full 8):
 PSYoungGen      total 382464K, used 40282K [0x000000076ab00000, 0x0000000787a80000, 0x00000007c0000000)
  eden space 342016K, 0% used [0x000000076ab00000,0x000000076ab00000,0x000000077f900000)
  from space 40448K, 99% used [0x0000000785300000,0x0000000787a569f0,0x0000000787a80000)
  to   space 56320K, 0% used [0x0000000780c80000,0x0000000780c80000,0x0000000784380000)
 ParOldGen       total 121344K, used 46479K [0x00000006c0000000, 0x00000006c7680000, 0x000000076ab00000)
  object space 121344K, 38% used [0x00000006c0000000,0x00000006c2d63c88,0x00000006c7680000)
 Metaspace       used 57773K, capacity 59098K, committed 59264K, reserved 1099776K
  class space    used 7946K, capacity 8319K, committed 8320K, reserved 1048576K
}
Event: 3897.361 GC heap before
{Heap before GC invocations=31 (full 8):
 PSYoungGen      total 382464K, used 382298K [0x000000076ab00000, 0x0000000787a80000, 0x00000007c0000000)
  eden space 342016K, 100% used [0x000000076ab00000,0x000000077f900000,0x000000077f900000)
  from space 40448K, 99% used [0x0000000785300000,0x0000000787a569f0,0x0000000787a80000)
  to   space 56320K, 0% used [0x0000000780c80000,0x0000000780c80000,0x0000000784380000)
 ParOldGen       total 121344K, used 46479K [0x00000006c0000000, 0x00000006c7680000, 0x000000076ab00000)
  object space 121344K, 38% used [0x00000006c0000000,0x00000006c2d63c88,0x00000006c7680000)
 Metaspace       used 57990K, capacity 59310K, committed 59648K, reserved 1099776K
  class space    used 7947K, capacity 8321K, committed 8448K, reserved 1048576K
Event: 3897.440 GC heap after
Heap after GC invocations=31 (full 8):
 PSYoungGen      total 368128K, used 39213K [0x000000076ab00000, 0x0000000785d00000, 0x00000007c0000000)
  eden space 328704K, 0% used [0x000000076ab00000,0x000000076ab00000,0x000000077ec00000)
  from space 39424K, 99% used [0x0000000780c80000,0x00000007832cb5a0,0x0000000783300000)
  to   space 43008K, 0% used [0x0000000783300000,0x0000000783300000,0x0000000785d00000)
 ParOldGen       total 121344K, used 46487K [0x00000006c0000000, 0x00000006c7680000, 0x000000076ab00000)
  object space 121344K, 38% used [0x00000006c0000000,0x00000006c2d65c88,0x00000006c7680000)
 Metaspace       used 57990K, capacity 59310K, committed 59648K, reserved 1099776K
  class space    used 7947K, capacity 8321K, committed 8448K, reserved 1048576K
}

